c:\users\leanj\source\repos\school\oop244\milestones\ms5\ms5\ms5\debug\vc141.pdb
c:\users\leanj\source\repos\school\oop244\milestones\ms5\ms5\ms5\debug\vc141.idb
c:\users\leanj\source\repos\school\oop244\milestones\ms5\ms5\ms5\debug\errorstate.obj
c:\users\leanj\source\repos\school\oop244\milestones\ms5\ms5\ms5\debug\date.obj
c:\users\leanj\source\repos\school\oop244\milestones\ms5\ms5\ms5\debug\ms2_tester.obj
c:\users\leanj\source\repos\school\oop244\milestones\ms5\ms5\ms5\debug\ms3_tester.obj
c:\users\leanj\source\repos\school\oop244\milestones\ms5\ms5\ms5\debug\product.obj
c:\users\leanj\source\repos\school\oop244\milestones\ms5\ms5\ms5\debug\myproduct.obj
c:\users\leanj\source\repos\school\oop244\milestones\ms5\ms5\debug\ms5.exe
c:\users\leanj\source\repos\school\oop244\milestones\ms5\ms5\debug\ms5.ilk
c:\users\leanj\source\repos\school\oop244\milestones\ms5\ms5\debug\ms5.pdb
c:\users\leanj\source\repos\school\oop244\milestones\ms5\ms5\ms5\debug\ms3_tester.obj.enc
c:\users\leanj\source\repos\school\oop244\milestones\ms5\ms5\ms5\debug\myproduct.obj.enc
c:\users\leanj\source\repos\school\oop244\milestones\ms5\ms5\ms5\debug\product.obj.enc
c:\users\leanj\source\repos\school\oop244\milestones\ms5\ms5\ms5\debug\ms5.tlog\cl.command.1.tlog
c:\users\leanj\source\repos\school\oop244\milestones\ms5\ms5\ms5\debug\ms5.tlog\cl.read.1.tlog
c:\users\leanj\source\repos\school\oop244\milestones\ms5\ms5\ms5\debug\ms5.tlog\cl.write.1.tlog
c:\users\leanj\source\repos\school\oop244\milestones\ms5\ms5\ms5\debug\ms5.tlog\link.command.1.tlog
c:\users\leanj\source\repos\school\oop244\milestones\ms5\ms5\ms5\debug\ms5.tlog\link.read.1.tlog
c:\users\leanj\source\repos\school\oop244\milestones\ms5\ms5\ms5\debug\ms5.tlog\link.write.1.tlog
